<?xml version="1.0" encoding="UTF-8"?>
<!-- Generated by org.testng.reporters.JUnitReportReporter -->
<testsuite skipped="0" hostname="DESKTOP-BI8CR30" name="com.belatrix.tests.Test01" tests="1" failures="0" timestamp="28 Feb 2020 03:00:01 GMT" time="44.796" errors="0">
  <testcase name="test" time="44.796" classname="com.belatrix.tests.Test01"/>
</testsuite> <!-- com.belatrix.tests.Test01 -->
