<?xml version="1.0" encoding="UTF-8"?>
<!-- Generated by org.testng.reporters.JUnitReportReporter -->
<testsuite skipped="0" hostname="DESKTOP-BI8CR30" name="com.belatrix.tests.Test01" tests="1" failures="0" timestamp="04 Mar 2020 10:25:00 GMT" time="43.511" errors="0">
  <testcase name="test" time="43.511" classname="com.belatrix.tests.Test01"/>
</testsuite> <!-- com.belatrix.tests.Test01 -->
